This file contains any messages produced by compilers while
running configure, to aid debugging if configure makes a mistake.

It was created by configure, which was
generated by GNU Autoconf 2.69.  Invocation command line was

  $ ./configure --prefix=/Users/rbj

## --------- ##
## Platform. ##
## --------- ##

hostname = Rogers-MacBook
uname -m = x86_64
uname -r = 15.5.0
uname -s = Darwin
uname -v = Darwin Kernel Version 15.5.0: Tue Apr 19 18:36:36 PDT 2016; root:xnu-3248.50.21~8/RELEASE_X86_64

/usr/bin/uname -p = i386
/bin/uname -X     = unknown

/bin/arch              = unknown
/usr/bin/arch -k       = unknown
/usr/convex/getsysinfo = unknown
/usr/bin/hostinfo      = Mach kernel version:
	 Darwin Kernel Version 15.5.0: Tue Apr 19 18:36:36 PDT 2016; root:xnu-3248.50.21~8/RELEASE_X86_64
Kernel configured for up to 4 processors.
2 processors are physically available.
4 processors are logically available.
Processor type: x86_64h (Intel x86-64h Haswell)
Processors active: 0 1 2 3
Primary memory available: 8.00 gigabytes
Default processor set: 240 tasks, 904 threads, 4 processors
Load average: 0.83, Mach factor: 3.16
/bin/machine           = unknown
/usr/bin/oslevel       = unknown
/bin/universe          = unknown

PATH: .
PATH: .
PATH: /Users/rbj/git/www.rbjones.com/src/common
PATH: /Users/rbj/pp/bin
PATH: /Users/rbj/bin/x-logic
PATH: /Users/rbj/bin
PATH: /Users/rbj/bin
PATH: /opt/local/bin
PATH: /opt/local/sbin
PATH: /Users/rbj/perl5/perlbrew/bin
PATH: /Users/rbj/perl5/perlbrew/perls/perl-5.16.0/bin
PATH: /usr/bin
PATH: /bin
PATH: /usr/sbin
PATH: /sbin
PATH: /Applications/Emacs.app/Contents/MacOS/bin-x86_64-10_9
PATH: /Applications/Emacs.app/Contents/MacOS/libexec-x86_64-10_9


## ----------- ##
## Core tests. ##
## ----------- ##

configure:1674: checking for java
configure:1692: found /usr/bin/java
configure:1705: result: /usr/bin/java
configure:1722: checking for gmake
configure:1755: result: no
configure:1722: checking for make
configure:1740: found /usr/bin/make
configure:1752: result: /usr/bin/make
configure:1778: checking for perl5
configure:1796: found /opt/local/bin/perl5
configure:1808: result: /opt/local/bin/perl5
configure:1829: checking for install
configure:1847: found /usr/bin/install
configure:1859: result: /usr/bin/install
configure:1880: checking for docsml
configure:1898: found /Users/rbj/pp/bin/docsml
configure:1910: result: /Users/rbj/pp/bin/docsml
configure:1931: checking for sml
configure:1964: result: no
configure:1982: checking for isabelle
configure:2015: result: no
configure:2187: creating ./config.status

## ---------------------- ##
## Running config.status. ##
## ---------------------- ##

This file was extended by config.status, which was
generated by GNU Autoconf 2.69.  Invocation command line was

  CONFIG_FILES    = 
  CONFIG_HEADERS  = 
  CONFIG_LINKS    = 
  CONFIG_COMMANDS = 
  $ ./config.status 

on Rogers-MacBook

config.status:733: creating Makefile
config.status:832: WARNING:  'Makefile.in' seems to ignore the --datarootdir setting
config.status:719: error: cannot find input file: `build/vars.mk.in'

## ---------------- ##
## Cache variables. ##
## ---------------- ##

ac_cv_env_build_alias_set=
ac_cv_env_build_alias_value=
ac_cv_env_host_alias_set=
ac_cv_env_host_alias_value=
ac_cv_env_target_alias_set=
ac_cv_env_target_alias_value=
ac_cv_path_DOCSML=/Users/rbj/pp/bin/docsml
ac_cv_path_INSTALL=/usr/bin/install
ac_cv_path_JAVA=/usr/bin/java
ac_cv_path_MAKE=/usr/bin/make
ac_cv_path_PERL=/opt/local/bin/perl5

## ----------------- ##
## Output variables. ##
## ----------------- ##

DEFS='-DPACKAGE_NAME=\"\" -DPACKAGE_TARNAME=\"\" -DPACKAGE_VERSION=\"\" -DPACKAGE_STRING=\"\" -DPACKAGE_BUGREPORT=\"\" -DPACKAGE_URL=\"\"'
DOCSML='/Users/rbj/pp/bin/docsml'
ECHO_C='\c'
ECHO_N=''
ECHO_T=''
INSTALL='/usr/bin/install'
ISABELLE=':'
JAVA='/usr/bin/java'
LIBOBJS=''
LIBS=''
LTLIBOBJS=''
MAKE='/usr/bin/make'
PACKAGE_BUGREPORT=''
PACKAGE_NAME=''
PACKAGE_STRING=''
PACKAGE_TARNAME=''
PACKAGE_URL=''
PACKAGE_VERSION=''
PATH_SEPARATOR=':'
PERL='/opt/local/bin/perl5'
SHELL='/bin/sh'
SML=':'
bindir='${exec_prefix}/bin'
build_alias=''
datadir='${datarootdir}'
datarootdir='${prefix}/share'
docdir='${datarootdir}/doc/${PACKAGE}'
dvidir='${docdir}'
exec_prefix='${prefix}'
host_alias=''
htmldir='${docdir}'
includedir='${prefix}/include'
infodir='${datarootdir}/info'
libdir='${exec_prefix}/lib'
libexecdir='${exec_prefix}/libexec'
localedir='${datarootdir}/locale'
localstatedir='${prefix}/var'
mandir='${datarootdir}/man'
oldincludedir='/usr/include'
pdfdir='${docdir}'
prefix='/Users/rbj'
program_transform_name='s,x,x,'
psdir='${docdir}'
sbindir='${exec_prefix}/sbin'
sharedstatedir='${prefix}/com'
sysconfdir='${prefix}/etc'
target_alias=''

## ----------- ##
## confdefs.h. ##
## ----------- ##

/* confdefs.h */
#define PACKAGE_NAME ""
#define PACKAGE_TARNAME ""
#define PACKAGE_VERSION ""
#define PACKAGE_STRING ""
#define PACKAGE_BUGREPORT ""
#define PACKAGE_URL ""

configure: exit 1
